<?xml version="1.0" encoding="UTF-8"?>
<!-- Generated by org.testng.reporters.JUnitReportReporter -->
<testsuite hostname="DESKTOP-0MGR9KI" failures="0" tests="6" name="com.ridhotadjudin.testuser.CRUDUserTest" time="29.606" errors="0" timestamp="2022-06-14T22:23:14 ICT" skipped="0">
  <testcase classname="com.ridhotadjudin.testuser.CRUDUserTest" name="login" time="3.318"/>
  <system-out/>
  <testcase classname="com.ridhotadjudin.testuser.CRUDUserTest" name="cobaDulu" time="5.158"/>
  <system-out>
    <![CDATA[<img src='file://D:\selenium-workspace\TestNG_User\hasilScreenshoot\20220614_222309.png'/>]]>
  </system-out>
  <testcase classname="com.ridhotadjudin.testuser.CRUDUserTest" name="cobaDulu" time="4.991"/>
  <system-out>
    <![CDATA[<img src='file://D:\selenium-workspace\TestNG_User\hasilScreenshoot\20220614_222258.png'/>]]>
  </system-out>
  <testcase classname="com.ridhotadjudin.testuser.CRUDUserTest" name="cobaDulu" time="5.323"/>
  <system-out>
    <![CDATA[<img src='file://D:\selenium-workspace\TestNG_User\hasilScreenshoot\20220614_222303.png'/>]]>
  </system-out>
  <testcase classname="com.ridhotadjudin.testuser.CRUDUserTest" name="cobaDulu" time="5.141"/>
  <system-out>
    <![CDATA[<img src='file://D:\selenium-workspace\TestNG_User\hasilScreenshoot\20220614_222314.png'/>]]>
  </system-out>
  <testcase classname="com.ridhotadjudin.testuser.CRUDUserTest" name="cobaDulu" time="5.675"/>
  <system-out>
    <![CDATA[<img src='file://D:\selenium-workspace\TestNG_User\hasilScreenshoot\20220614_222253.png'/>]]>
  </system-out>
</testsuite> <!-- com.ridhotadjudin.testuser.CRUDUserTest -->
